2017-08-12 23:01:43 - Starting Application on PIKU-PC with PID 15880 (E:\spring-boot-security-oxygen-2017\springbootspringrest\target\classes started by PIKU in E:\spring-boot-security-oxygen-2017\springbootspringrest)
2017-08-12 23:01:43 - Running with Spring Boot v1.5.3.RELEASE, Spring v4.3.8.RELEASE
2017-08-12 23:01:43 - No active profile set, falling back to default profiles: default
2017-08-12 23:01:46 - Started Application in 3.119 seconds (JVM running for 3.893)
2017-08-12 23:02:48 - Starting Application on PIKU-PC with PID 12360 (E:\spring-boot-security-oxygen-2017\springbootspringrest\target\classes started by PIKU in E:\spring-boot-security-oxygen-2017\springbootspringrest)
2017-08-12 23:02:48 - Running with Spring Boot v1.5.3.RELEASE, Spring v4.3.8.RELEASE
2017-08-12 23:02:48 - No active profile set, falling back to default profiles: default
2017-08-12 23:02:51 - Started Application in 3.134 seconds (JVM running for 3.781)
================================
2017-08-12 23:04:14 - Starting Application on PIKU-PC with PID 16672 (E:\spring-boot-security-oxygen-2017\springbootspringrest\target\classes started by PIKU in E:\spring-boot-security-oxygen-2017\springbootspringrest)
2017-08-12 23:04:14 - Running with Spring Boot v1.5.3.RELEASE, Spring v4.3.8.RELEASE
2017-08-12 23:04:14 - No active profile set, falling back to default profiles: default
2017-08-12 23:04:17 - Started Application in 2.909 seconds (JVM running for 3.61)
2017-08-12 23:04:53 - Starting Application on PIKU-PC with PID 15752 (E:\spring-boot-security-oxygen-2017\springbootspringrest\target\classes started by PIKU in E:\spring-boot-security-oxygen-2017\springbootspringrest)
2017-08-12 23:04:53 - Running with Spring Boot v1.5.3.RELEASE, Spring v4.3.8.RELEASE
2017-08-12 23:04:53 - No active profile set, falling back to default profiles: default
2017-08-12 23:04:56 - Started Application in 3.075 seconds (JVM running for 3.774)
=============================
2017-08-12 23:05:48 - Starting Application on PIKU-PC with PID 17640 (E:\spring-boot-security-oxygen-2017\springbootspringrest\target\classes started by PIKU in E:\spring-boot-security-oxygen-2017\springbootspringrest)
2017-08-12 23:05:48 - Running with Spring Boot v1.5.3.RELEASE, Spring v4.3.8.RELEASE
2017-08-12 23:05:48 - No active profile set, falling back to default profiles: default
2017-08-12 23:05:51 - Started Application in 2.912 seconds (JVM running for 3.707)
2017-08-12 23:09:28 - Starting Application on PIKU-PC with PID 10148 (E:\spring-boot-security-oxygen-2017\springbootspringrest\target\classes started by PIKU in E:\spring-boot-security-oxygen-2017\springbootspringrest)
2017-08-12 23:09:28 - Running with Spring Boot v1.5.3.RELEASE, Spring v4.3.8.RELEASE
2017-08-12 23:09:28 - No active profile set, falling back to default profiles: default
2017-08-12 23:09:31 - Started Application in 3.261 seconds (JVM running for 3.968)
2017-08-12 23:18:15 - Starting Application on PIKU-PC with PID 13584 (E:\spring-boot-security-oxygen-2017\springbootspringrest\target\classes started by PIKU in E:\spring-boot-security-oxygen-2017\springbootspringrest)
2017-08-12 23:18:15 - Running with Spring Boot v1.5.3.RELEASE, Spring v4.3.8.RELEASE
2017-08-12 23:18:15 - No active profile set, falling back to default profiles: default
2017-08-12 23:18:18 - Started Application in 2.925 seconds (JVM running for 3.631)
