[13/Aug/2017:00:06:36 +0530] 0:0:0:0:0:0:0:1 "GET /springbootrest/emc/address HTTP/1.1" 401 (16 ms)
[13/Aug/2017:00:06:39 +0530] 0:0:0:0:0:0:0:1 "GET /favicon.ico HTTP/1.1" 404 (0 ms)
[13/Aug/2017:00:07:00 +0530] 0:0:0:0:0:0:0:1 "POST /springbootrest/emc/address HTTP/1.1" 401 (4 ms)
[13/Aug/2017:00:07:50 +0530] 0:0:0:0:0:0:0:1 "POST /springbootrest/emc/address HTTP/1.1" 405 (120 ms)
[13/Aug/2017:00:07:51 +0530] 0:0:0:0:0:0:0:1 "POST /springbootrest/emc/address HTTP/1.1" 405 (6 ms)
[13/Aug/2017:00:19:24 +0530] 0:0:0:0:0:0:0:1 "GET /springbootrest/emc/address HTTP/1.1" 200 (63 ms)
[13/Aug/2017:00:19:32 +0530] 0:0:0:0:0:0:0:1 "GET /springbootrest/emc/address HTTP/1.1" 200 (20 ms)
[13/Aug/2017:00:19:32 +0530] 0:0:0:0:0:0:0:1 "GET /springbootrest/emc/address HTTP/1.1" 200 (5 ms)
[13/Aug/2017:00:19:41 +0530] 0:0:0:0:0:0:0:1 "POST /springbootrest/emc/address HTTP/1.1" 405 (80 ms)
[13/Aug/2017:00:19:42 +0530] 0:0:0:0:0:0:0:1 "POST /springbootrest/emc/address HTTP/1.1" 405 (7 ms)
[13/Aug/2017:00:19:54 +0530] 0:0:0:0:0:0:0:1 "GET /springbootrest/emc/address HTTP/1.1" 200 (4 ms)
[13/Aug/2017:00:19:55 +0530] 0:0:0:0:0:0:0:1 "GET /springbootrest/emc/address HTTP/1.1" 200 (4 ms)
[13/Aug/2017:00:20:02 +0530] 0:0:0:0:0:0:0:1 "GET /springbootrest/emc/address HTTP/1.1" 200 (3 ms)
[13/Aug/2017:00:20:37 +0530] 0:0:0:0:0:0:0:1 "GET /springbootrest/emc/address HTTP/1.1" 200 (182 ms)
[13/Aug/2017:00:59:50 +0530] 0:0:0:0:0:0:0:1 "GET /springbootrest/emc/address HTTP/1.1" 200 (82 ms)
[13/Aug/2017:00:59:57 +0530] 0:0:0:0:0:0:0:1 "GET /springbootrest/emc/address HTTP/1.1" 200 (3 ms)
[13/Aug/2017:10:51:43 +0530] 0:0:0:0:0:0:0:1 "GET /springbootrest/emc/address HTTP/1.1" 200 (26 ms)
[13/Aug/2017:10:51:43 +0530] 0:0:0:0:0:0:0:1 "GET /favicon.ico HTTP/1.1" 404 (0 ms)
[13/Aug/2017:10:54:08 +0530] 0:0:0:0:0:0:0:1 "GET /springbootrest/emc/address/usa HTTP/1.1" 200 (78 ms)
[13/Aug/2017:10:54:50 +0530] 0:0:0:0:0:0:0:1 "GET /springbootrest/emc/contact HTTP/1.1" 406 (20 ms)
[13/Aug/2017:10:55:42 +0530] 0:0:0:0:0:0:0:1 "GET /springbootrest/emc/contact?country=usa HTTP/1.1" 200 (6 ms)
[13/Aug/2017:11:09:10 +0530] 0:0:0:0:0:0:0:1 "GET /springbootrest/emc/address/usa HTTP/1.1" 200 (70 ms)
[13/Aug/2017:11:09:13 +0530] 0:0:0:0:0:0:0:1 "GET /springbootrest/emc/contact?country=usa HTTP/1.1" 200 (7 ms)
[13/Aug/2017:11:19:58 +0530] 0:0:0:0:0:0:0:1 "POST /springbootrest/emc/form1 HTTP/1.1" 500 (117 ms)
[13/Aug/2017:11:49:11 +0530] 0:0:0:0:0:0:0:1 "POST /springbootrest/emc/form1 HTTP/1.1" 200 (112 ms)
[13/Aug/2017:11:49:56 +0530] 0:0:0:0:0:0:0:1 "POST /springbootrest/emp HTTP/1.1" 404 (50 ms)
[13/Aug/2017:11:50:06 +0530] 0:0:0:0:0:0:0:1 "POST /springbootrest/emc HTTP/1.1" 404 (8 ms)
[13/Aug/2017:11:50:41 +0530] 0:0:0:0:0:0:0:1 "POST /springbootrest/emc/create HTTP/1.1" 400 (15 ms)
[13/Aug/2017:11:52:33 +0530] 0:0:0:0:0:0:0:1 "POST /springbootrest/emp/create1 HTTP/1.1" 404 (10 ms)
[13/Aug/2017:11:53:05 +0530] 0:0:0:0:0:0:0:1 "POST /springbootrest/emc/create1 HTTP/1.1" 400 (8 ms)
[13/Aug/2017:12:00:23 +0530] 0:0:0:0:0:0:0:1 "POST /springbootrest/emc/create1 HTTP/1.1" 201 (131 ms)
[13/Aug/2017:12:01:15 +0530] 0:0:0:0:0:0:0:1 "POST /springbootrest/emc/create1 HTTP/1.1" 201 (8 ms)
[13/Aug/2017:12:03:55 +0530] 0:0:0:0:0:0:0:1 "POST /springbootrest/emc/create1 HTTP/1.1" 201 (136 ms)
[13/Aug/2017:12:05:39 +0530] 0:0:0:0:0:0:0:1 "POST /springbootrest/emc/create1 HTTP/1.1" 201 (157 ms)
[13/Aug/2017:12:06:17 +0530] 0:0:0:0:0:0:0:1 "POST /springbootrest/emc/create1 HTTP/1.1" 201 (125 ms)
[13/Aug/2017:12:08:59 +0530] 0:0:0:0:0:0:0:1 "POST /springbootrest/emc/create1 HTTP/1.1" 201 (136 ms)
[13/Aug/2017:12:11:00 +0530] 0:0:0:0:0:0:0:1 "POST /springbootrest/emc/create1 HTTP/1.1" 201 (8 ms)
[13/Aug/2017:12:11:20 +0530] 0:0:0:0:0:0:0:1 "POST /springbootrest/emc/create1 HTTP/1.1" 201 (135 ms)
[13/Aug/2017:12:13:20 +0530] 0:0:0:0:0:0:0:1 "POST /springbootrest/emc/create1 HTTP/1.1" 201 (130 ms)
[13/Aug/2017:12:14:40 +0530] 0:0:0:0:0:0:0:1 "POST /springbootrest/emc/create1 HTTP/1.1" 201 (142 ms)
[13/Aug/2017:12:15:29 +0530] 0:0:0:0:0:0:0:1 "POST /springbootrest/emc/create1 HTTP/1.1" 201 (124 ms)
[13/Aug/2017:20:17:34 +0530] 0:0:0:0:0:0:0:1 "POST /springbootrest/emc/create1 HTTP/1.1" 400 (125 ms)
[13/Aug/2017:20:19:03 +0530] 0:0:0:0:0:0:0:1 "POST /springbootrest/emc/create1 HTTP/1.1" 400 (107 ms)
[13/Aug/2017:20:20:04 +0530] 0:0:0:0:0:0:0:1 "POST /springbootrest/emc/create1 HTTP/1.1" 400 (112 ms)
[13/Aug/2017:20:21:08 +0530] 0:0:0:0:0:0:0:1 "POST /springbootrest/emc/create1 HTTP/1.1" 201 (128 ms)
[13/Aug/2017:20:22:16 +0530] 0:0:0:0:0:0:0:1 "POST /springbootrest/emc/create1 HTTP/1.1" 201 (125 ms)
[13/Aug/2017:20:23:50 +0530] 0:0:0:0:0:0:0:1 "POST /springbootrest/emc/create1 HTTP/1.1" 400 (106 ms)
[13/Aug/2017:20:25:27 +0530] 0:0:0:0:0:0:0:1 "POST /springbootrest/emc/create1 HTTP/1.1" 400 (240 ms)
[13/Aug/2017:20:26:26 +0530] 0:0:0:0:0:0:0:1 "POST /springbootrest/emc/create1 HTTP/1.1" 400 (247 ms)
[13/Aug/2017:20:27:46 +0530] 0:0:0:0:0:0:0:1 "POST /springbootrest/emc/create1 HTTP/1.1" 400 (108 ms)
[13/Aug/2017:20:29:22 +0530] 0:0:0:0:0:0:0:1 "POST /springbootrest/emc/create1 HTTP/1.1" 400 (110 ms)
[13/Aug/2017:20:39:01 +0530] 0:0:0:0:0:0:0:1 "POST /springbootrest/emc/create1 HTTP/1.1" 400 (111 ms)
[13/Aug/2017:20:51:06 +0530] 0:0:0:0:0:0:0:1 "POST /springbootrest/emc/create1 HTTP/1.1" 400 (111 ms)
[13/Aug/2017:20:54:13 +0530] 0:0:0:0:0:0:0:1 "POST /springbootrest/emc/create1 HTTP/1.1" 400 (104 ms)
[13/Aug/2017:20:54:50 +0530] 0:0:0:0:0:0:0:1 "POST /springbootrest/emc/create1 HTTP/1.1" 400 (10 ms)
[13/Aug/2017:21:19:40 +0530] 0:0:0:0:0:0:0:1 "POST /springbootrest/emc/create1 HTTP/1.1" 201 (125 ms)
[13/Aug/2017:21:21:00 +0530] 0:0:0:0:0:0:0:1 "POST /springbootrest/emc/create1 HTTP/1.1" 201 (136 ms)
[13/Aug/2017:21:57:03 +0530] 0:0:0:0:0:0:0:1 "POST /springbootrest/emc/create1 HTTP/1.1" 201 (158 ms)
[13/Aug/2017:21:58:25 +0530] 0:0:0:0:0:0:0:1 "POST /springbootrest/emc/create1 HTTP/1.1" 201 (141 ms)
[13/Aug/2017:21:59:35 +0530] 0:0:0:0:0:0:0:1 "POST /springbootrest/emc/create1 HTTP/1.1" 201 (132 ms)
[13/Aug/2017:22:39:51 +0530] 0:0:0:0:0:0:0:1 "POST /springbootrest/emc/create1 HTTP/1.1" 201 (140 ms)
[13/Aug/2017:22:41:38 +0530] 0:0:0:0:0:0:0:1 "POST /springbootrest/emc/create1 HTTP/1.1" 201 (132 ms)
[13/Aug/2017:22:43:14 +0530] 0:0:0:0:0:0:0:1 "POST /springbootrest/emc/create1 HTTP/1.1" 201 (144 ms)
[13/Aug/2017:22:55:16 +0530] 0:0:0:0:0:0:0:1 "POST /springbootrest/emc/create1 HTTP/1.1" 201 (310 ms)
